# JRE version: Java(TM) SE Runtime Environment 18.9 (11.0.9+7) (build 11.0.9+7-LTS)
# Java VM: Java HotSpot(TM) 64-Bit Server VM 18.9 (11.0.9+7-LTS, mixed mode, tiered, compressed oops, g1 gc, windows-amd64)
Heap:
 garbage-first heap   total 310272K, used 82632K [0x0000000704200000, 0x0000000800000000)
  region size 1024K, 75 young (76800K), 14 survivors (14336K)
 Metaspace       used 64931K, capacity 66696K, committed 66816K, reserved 1107968K
  class space    used 8413K, capacity 9156K, committed 9216K, reserved 1048576K
GC Heap History (10 events):
Event: 0.998 GC heap before
{Heap before GC invocations=1 (full 0):
 garbage-first heap   total 258048K, used 89094K [0x0000000704200000, 0x0000000800000000)
  region size 1024K, 85 young (87040K), 3 survivors (3072K)
 Metaspace       used 20676K, capacity 21129K, committed 21248K, reserved 1069056K
  class space    used 2238K, capacity 2447K, committed 2560K, reserved 1048576K
}
Event: 1.003 GC heap after
{Heap after GC invocations=2 (full 0):
 garbage-first heap   total 258048K, used 9188K [0x0000000704200000, 0x0000000800000000)
  region size 1024K, 5 young (5120K), 5 survivors (5120K)
 Metaspace       used 20676K, capacity 21129K, committed 21248K, reserved 1069056K
  class space    used 2238K, capacity 2447K, committed 2560K, reserved 1048576K
}
Event: 1.610 GC heap before
{Heap before GC invocations=3 (full 0):
 garbage-first heap   total 258048K, used 93156K [0x0000000704200000, 0x0000000800000000)
  region size 1024K, 88 young (90112K), 5 survivors (5120K)
 Metaspace       used 26820K, capacity 27430K, committed 27648K, reserved 1073152K
  class space    used 2968K, capacity 3219K, committed 3328K, reserved 1048576K
}
Event: 1.616 GC heap after
{Heap after GC invocations=4 (full 0):
 garbage-first heap   total 258048K, used 11625K [0x0000000704200000, 0x0000000800000000)
  region size 1024K, 8 young (8192K), 8 survivors (8192K)
 Metaspace       used 26820K, capacity 27430K, committed 27648K, reserved 1073152K
  class space    used 2968K, capacity 3219K, committed 3328K, reserved 1048576K
}
Event: 2.613 GC heap before
{Heap before GC invocations=4 (full 0):
 garbage-first heap   total 258048K, used 86377K [0x0000000704200000, 0x0000000800000000)
  region size 1024K, 82 young (83968K), 8 survivors (8192K)
 Metaspace       used 34707K, capacity 35773K, committed 35840K, reserved 1081344K
  class space    used 4164K, capacity 4541K, committed 4608K, reserved 1048576K
}
Event: 2.621 GC heap after
{Heap after GC invocations=5 (full 0):
 garbage-first heap   total 258048K, used 14699K [0x0000000704200000, 0x0000000800000000)
  region size 1024K, 11 young (11264K), 11 survivors (11264K)
 Metaspace       used 34707K, capacity 35773K, committed 35840K, reserved 1081344K
  class space    used 4164K, capacity 4541K, committed 4608K, reserved 1048576K
}
Event: 3.171 GC heap before
{Heap before GC invocations=6 (full 0):
 garbage-first heap   total 258048K, used 125291K [0x0000000704200000, 0x0000000800000000)
  region size 1024K, 120 young (122880K), 11 survivors (11264K)
 Metaspace       used 38703K, capacity 39840K, committed 40064K, reserved 1083392K
  class space    used 4647K, capacity 5129K, committed 5248K, reserved 1048576K
}
Event: 3.181 GC heap after
{Heap after GC invocations=7 (full 0):
 garbage-first heap   total 310272K, used 16740K [0x0000000704200000, 0x0000000800000000)
  region size 1024K, 10 young (10240K), 10 survivors (10240K)
 Metaspace       used 38703K, capacity 39840K, committed 40064K, reserved 1083392K
  class space    used 4647K, capacity 5129K, committed 5248K, reserved 1048576K
}
Event: 4.618 GC heap before
{Heap before GC invocations=7 (full 0):
 garbage-first heap   total 310272K, used 167268K [0x0000000704200000, 0x0000000800000000)
  region size 1024K, 158 young (161792K), 10 survivors (10240K)
 Metaspace       used 58683K, capacity 60076K, committed 60160K, reserved 1101824K
  class space    used 7557K, capacity 8132K, committed 8192K, reserved 1048576K
}
Event: 4.628 GC heap after
{Heap after GC invocations=8 (full 0):
 garbage-first heap   total 310272K, used 21192K [0x0000000704200000, 0x0000000800000000)
  region size 1024K, 14 young (14336K), 14 survivors (14336K)
 Metaspace       used 58683K, capacity 60076K, committed 60160K, reserved 1101824K
  class space    used 7557K, capacity 8132K, committed 8192K, reserved 1048576K
}

